<?xml version="1.0" encoding="UTF-8"?>
<testsuite xmlns:xsi="http://www.w3.org/2001/XMLSchema-instance" xsi:noNamespaceSchemaLocation="https://maven.apache.org/surefire/maven-surefire-plugin/xsd/surefire-test-report.xsd" name="com.io.GrafoTest" time="0.02" tests="19" errors="0" skipped="0" failures="0">
  <properties>
[...]
</properties>
  <testcase name="testObtenerCiudades" classname="com.io.GrafoTest" time="0"/>
  <testcase name="testAgregarArcoNegativo" classname="com.io.GrafoTest" time="0"/>
  <testcase name="testAgregarNodoDuplicado" classname="com.io.GrafoTest" time="0"/>
  <testcase name="testObtenerDistanciaCiudadNoExiste" classname="com.io.GrafoTest" time="0"/>
  <testcase name="testEliminarArcoExitosamente" classname="com.io.GrafoTest" time="0.001"/>
  <testcase name="testEliminarArcoEntre" classname="com.io.GrafoTest" time="0"/>
  <testcase name="testObtenerMatrizAdyacencia" classname="com.io.GrafoTest" time="0"/>
  <testcase name="testAgregarArcoCiudadNoExiste" classname="com.io.GrafoTest" time="0"/>
  <testcase name="testEliminarArcoMismaOrigen" classname="com.io.GrafoTest" time="0"/>
  <testcase name="testEliminarArcoCiudadNoExiste" classname="com.io.GrafoTest" time="0"/>
  <testcase name="testObtenerDistanciaNoExiste" classname="com.io.GrafoTest" time="0"/>
  <testcase name="testAgregarArcoExitosamente" classname="com.io.GrafoTest" time="0"/>
  <testcase name="testEliminarArcoYaEliminado" classname="com.io.GrafoTest" time="0"/>
  <testcase name="testAgregarMultiplesArcos" classname="com.io.GrafoTest" time="0"/>
  <testcase name="testAgregarMultiplesNodos" classname="com.io.GrafoTest" time="0"/>
  <testcase name="testExisteCiudad" classname="com.io.GrafoTest" time="0"/>
  <testcase name="testAgregarArcoConPeso0" classname="com.io.GrafoTest" time="0.001"/>
  <testcase name="testActualizarArcoExistente" classname="com.io.GrafoTest" time="0.001"/>
  <testcase name="testAgregarNodoExitosamente" classname="com.io.GrafoTest" time="0.001"/>
</testsuite>